<?xml version="1.0" encoding="UTF-8"?>
<!-- Generated by org.testng.reporters.JUnitReportReporter -->
<testsuite hostname="baijingjiaotekiMacBook-Air.local" name="mobile.ios.FirstDemoTest" tests="1" failures="1" timestamp="21 Apr 2015 07:45:27 GMT" time="80.393" errors="0">
  <testcase name="verify" time="80.393" classname="mobile.ios.FirstDemoTest">
    <failure type="org.openqa.selenium.NoSuchElementException" message="An element could not be located on the page using the given search parameters. (WARNING: The server did not provide any stacktrace information)
Command duration or timeout: 60.61 seconds
For documentation on this error, please visit: http://seleniumhq.org/exceptions/no_such_element.html
Build info: version: &#039;2.43.1&#039;, revision: &#039;5163bceef1bc36d43f3dc0b83c88998168a363a0&#039;, time: &#039;2014-09-10 09:43:55&#039;
System info: host: &#039;baijingjiaotekiMacBook-Air.local&#039;, ip: &#039;172.16.1.23&#039;, os.name: &#039;Mac OS X&#039;, os.arch: &#039;x86_64&#039;, os.version: &#039;10.10.2&#039;, java.version: &#039;1.8.0_25&#039;
Driver info: io.appium.java_client.ios.IOSDriver
Capabilities [{app=/Users/baijingjiao/Library/Developer/Xcode/DerivedData/Everbridge-cnmlrnwkwrokdwbfgsooyybxquas/Build/Products/Debug-iphonesimulator/Everbridge.app, networkConnectionEnabled=false, warnings={}, databaseEnabled=false, deviceName=iPhone 6, platform=MAC, desired={app=/Users/baijingjiao/Library/Developer/Xcode/DerivedData/Everbridge-cnmlrnwkwrokdwbfgsooyybxquas/Build/Products/Debug-iphonesimulator/Everbridge.app, platformVersion=8.1, platformName=iOS, deviceName=iPhone 6}, platformVersion=8.1, webStorageEnabled=false, locationContextEnabled=false, browserName=iOS, takesScreenshot=true, javascriptEnabled=true, platformName=iOS}]
Session ID: 499d9c77-5da4-4f58-a7b2-4d36f3a3eb0e">
      <![CDATA[org.openqa.selenium.NoSuchElementException: An element could not be located on the page using the given search parameters. (WARNING: The server did not provide any stacktrace information)
Command duration or timeout: 60.61 seconds
For documentation on this error, please visit: http://seleniumhq.org/exceptions/no_such_element.html
Build info: version: '2.43.1', revision: '5163bceef1bc36d43f3dc0b83c88998168a363a0', time: '2014-09-10 09:43:55'
System info: host: 'baijingjiaotekiMacBook-Air.local', ip: '172.16.1.23', os.name: 'Mac OS X', os.arch: 'x86_64', os.version: '10.10.2', java.version: '1.8.0_25'
Driver info: io.appium.java_client.ios.IOSDriver
Capabilities [{app=/Users/baijingjiao/Library/Developer/Xcode/DerivedData/Everbridge-cnmlrnwkwrokdwbfgsooyybxquas/Build/Products/Debug-iphonesimulator/Everbridge.app, networkConnectionEnabled=false, warnings={}, databaseEnabled=false, deviceName=iPhone 6, platform=MAC, desired={app=/Users/baijingjiao/Library/Developer/Xcode/DerivedData/Everbridge-cnmlrnwkwrokdwbfgsooyybxquas/Build/Products/Debug-iphonesimulator/Everbridge.app, platformVersion=8.1, platformName=iOS, deviceName=iPhone 6}, platformVersion=8.1, webStorageEnabled=false, locationContextEnabled=false, browserName=iOS, takesScreenshot=true, javascriptEnabled=true, platformName=iOS}]
Session ID: 499d9c77-5da4-4f58-a7b2-4d36f3a3eb0e
	at sun.reflect.NativeConstructorAccessorImpl.newInstance0(Native Method)
	at sun.reflect.NativeConstructorAccessorImpl.newInstance(NativeConstructorAccessorImpl.java:62)
	at sun.reflect.DelegatingConstructorAccessorImpl.newInstance(DelegatingConstructorAccessorImpl.java:45)
	at java.lang.reflect.Constructor.newInstance(Constructor.java:408)
	at org.openqa.selenium.remote.ErrorHandler.createThrowable(ErrorHandler.java:204)
	at org.openqa.selenium.remote.ErrorHandler.throwIfResponseFailed(ErrorHandler.java:156)
	at org.openqa.selenium.remote.RemoteWebDriver.execute(RemoteWebDriver.java:599)
	at io.appium.java_client.AppiumDriver.execute(AppiumDriver.java:180)
	at org.openqa.selenium.remote.RemoteWebDriver.findElement(RemoteWebDriver.java:352)
	at org.openqa.selenium.remote.RemoteWebDriver.findElementByXPath(RemoteWebDriver.java:449)
	at mobile.ios.FirstDemoTest.verify(FirstDemoTest.java:42)
	at sun.reflect.NativeMethodAccessorImpl.invoke0(Native Method)
	at sun.reflect.NativeMethodAccessorImpl.invoke(NativeMethodAccessorImpl.java:62)
	at sun.reflect.DelegatingMethodAccessorImpl.invoke(DelegatingMethodAccessorImpl.java:43)
	at java.lang.reflect.Method.invoke(Method.java:483)
	at org.testng.internal.MethodInvocationHelper.invokeMethod(MethodInvocationHelper.java:84)
	at org.testng.internal.Invoker.invokeMethod(Invoker.java:714)
	at org.testng.internal.Invoker.invokeTestMethod(Invoker.java:901)
	at org.testng.internal.Invoker.invokeTestMethods(Invoker.java:1231)
	at org.testng.internal.TestMethodWorker.invokeTestMethods(TestMethodWorker.java:127)
	at org.testng.internal.TestMethodWorker.run(TestMethodWorker.java:111)
	at org.testng.TestRunner.privateRun(TestRunner.java:767)
	at org.testng.TestRunner.run(TestRunner.java:617)
	at org.testng.SuiteRunner.runTest(SuiteRunner.java:334)
	at org.testng.SuiteRunner.runSequentially(SuiteRunner.java:329)
	at org.testng.SuiteRunner.privateRun(SuiteRunner.java:291)
	at org.testng.SuiteRunner.run(SuiteRunner.java:240)
	at org.testng.SuiteRunnerWorker.runSuite(SuiteRunnerWorker.java:52)
	at org.testng.SuiteRunnerWorker.run(SuiteRunnerWorker.java:86)
	at org.testng.TestNG.runSuitesSequentially(TestNG.java:1224)
	at org.testng.TestNG.runSuitesLocally(TestNG.java:1149)
	at org.testng.TestNG.run(TestNG.java:1057)
	at org.testng.remote.RemoteTestNG.run(RemoteTestNG.java:111)
	at org.testng.remote.RemoteTestNG.initAndRun(RemoteTestNG.java:204)
	at org.testng.remote.RemoteTestNG.main(RemoteTestNG.java:175)
]]>
    </failure>
  </testcase> <!-- verify -->
</testsuite> <!-- mobile.ios.FirstDemoTest -->
